: 1728305083:0;source zshrc -d
: 1728305542:0;source zshrc -d
: 1728305558:0;source zshrc -d
: 1728305580:0;source zshrc -d
: 1728305596:0;source zshrc -d
: 1728305610:0;source zshrc -d
: 1728305631:0;source zshrc -d
: 1728305672:0;source zshrc -d
: 1728305783:0;source zshrc -d
: 1728305820:0;source zshrc -d
: 1728305832:0;clear
: 1728305861:0;clear
: 1728305862:0;clear
: 1728305871:0;zsh
: 1728305915:0;source zshrc -d
: 1728305925:0;source zshrc -d
: 1728305944:0;source zshrc -d
: 1728305967:0;clear
: 1728306265:0;source zshrc -d
: 1728306273:0;source zshrc -d
: 1728306278:0;source zshrc -d
: 1728306279:0;source zshrc -d
: 1728306293:0;echo $COL
: 1728306296:0;echo $COLS
: 1728306301:0;echo $COLUMNS
: 1728306320:0;source zshrc -d
: 1728306344:0;echo $COLUMNS
: 1728306374:0;source zshrc -d
: 1728306404:0;echo $COLUMNS
: 1728306411:0;echo $COLUMNS
: 1728306490:0;source zshrc -d
: 1728306529:0;source zshrc -d
: 1728306648:0;source zshrc -d
: 1728306659:0;clear
: 1728306688:0;source zshrc -d
: 1728306754:0;source zshrc -d
: 1728306770:0;echo $COLUMNS
: 1728306817:0;echo $COLUMNS
: 1728306822:0;source zshrc -d
: 1728306846:0;echo $COLUMNS
: 1728306850:0;echo $COLUMNS
: 1728306904:0;echo $COLUMNS
: 1728306906:0;source zshrc -d
: 1728306908:0;echo $COLUMNS
: 1728306946:0;source zshrc -d
: 1728306948:0;echo $COLUMNS
: 1728306950:0;source zshrc -d
: 1728307093:0;>>
: 1728307095:0;<>
: 1728307097:0;+
: 1728307105:0;`\
q\
`
: 1728307113:0;#
: 1728307119:0;©
: 1728307136:0;clear
: 1728307141:0;ls
: 1728307144:0;ll
: 1728307145:0;ls
: 1728307523:0;clear
: 1728307541:0;l
: 1728307542:0;ll
: 1728307549:0;nano zshrc
: 1728307858:0;sudo chsh
: 1728314574:0;source zshrc -d
: 1728314627:0;source zshrc -d
: 1728314629:0;source zshrc -d
: 1728314638:0;source zshrc -d
: 1728314680:0;source zshrc -d
: 1728314681:0;source zshrc -d
: 1728314682:0;source zshrc -d
: 1728314702:0;source zshrc -d
: 1728314708:0;clear
: 1728314710:0;source zshrc -d
: 1728314814:0;source zshrc -d
: 1728314816:0;l
: 1728314818:0;ll
: 1728314942:0;ll
: 1728314945:0;source zshrc -d
